[debug] [2022-09-13T15:22:28.217Z] ----------------------------------------------------------------------
[debug] [2022-09-13T15:22:28.218Z] Command:       C:\Program Files\nodejs\node.exe C:\Users\PRIYANKA CHOWDARY\AppData\Roaming\npm\node_modules\firebase-tools\lib\bin\firebase.js emulators:start
[debug] [2022-09-13T15:22:28.219Z] CLI Version:   11.9.0
[debug] [2022-09-13T15:22:28.219Z] Platform:      win32
[debug] [2022-09-13T15:22:28.219Z] Node Version:  v16.15.1
[debug] [2022-09-13T15:22:28.220Z] Time:          Tue Sep 13 2022 20:52:28 GMT+0530 (India Standard Time)
[debug] [2022-09-13T15:22:28.220Z] ----------------------------------------------------------------------
[debug] 
[debug] [2022-09-13T15:22:28.314Z] > command requires scopes: ["email","openid","https://www.googleapis.com/auth/cloudplatformprojects.readonly","https://www.googleapis.com/auth/firebase","https://www.googleapis.com/auth/cloud-platform"]
[debug] [2022-09-13T15:22:28.314Z] > authorizing via signed-in user (priyacherukuru2000@gmail.com)
[info] i  emulators: Starting emulators: functions, hosting {"metadata":{"emulator":{"name":"hub"},"message":"Starting emulators: functions, hosting"}}
[debug] [2022-09-13T15:22:28.341Z] [hub] writing locator at C:\Users\PRIYAN~1\AppData\Local\Temp\hub-project-d4698.json
[warn] !  functions: The following emulators are not running, calls to these services from the Functions emulator will affect production: auth, firestore, database, pubsub, storage, eventarc {"metadata":{"emulator":{"name":"functions"},"message":"The following emulators are not running, calls to these services from the Functions emulator will affect production: \u001b[1mauth, firestore, database, pubsub, storage, eventarc\u001b[22m"}}
[info] +  functions: Using node@16 from host. {"metadata":{"emulator":{"name":"functions"},"message":"Using node@16 from host."}}
[debug] [2022-09-13T15:22:28.404Z] defaultcredentials: writing to file C:\Users\PRIYANKA CHOWDARY\AppData\Roaming\firebase\priyacherukuru2000_gmail_com_application_default_credentials.json
[debug] [2022-09-13T15:22:28.407Z] Setting GAC to C:\Users\PRIYANKA CHOWDARY\AppData\Roaming\firebase\priyacherukuru2000_gmail_com_application_default_credentials.json {"metadata":{"emulator":{"name":"functions"},"message":"Setting GAC to C:\\Users\\PRIYANKA CHOWDARY\\AppData\\Roaming\\firebase\\priyacherukuru2000_gmail_com_application_default_credentials.json"}}
[debug] [2022-09-13T15:22:28.409Z] > refreshing access token with scopes: []
[debug] [2022-09-13T15:22:28.411Z] >>> [apiv2][query] POST https://www.googleapis.com/oauth2/v3/token [none]
[debug] [2022-09-13T15:22:28.411Z] >>> [apiv2][body] POST https://www.googleapis.com/oauth2/v3/token [omitted]
[debug] [2022-09-13T15:22:30.689Z] <<< [apiv2][status] POST https://www.googleapis.com/oauth2/v3/token 200
[debug] [2022-09-13T15:22:30.689Z] <<< [apiv2][body] POST https://www.googleapis.com/oauth2/v3/token [omitted]
[debug] [2022-09-13T15:22:30.696Z] >>> [apiv2][query] GET https://firebase.googleapis.com/v1beta1/projects/project-d4698/adminSdkConfig [none]
[debug] [2022-09-13T15:22:48.176Z] Failed to get Admin SDK config for project-d4698, falling back to cacheFailed to get Admin SDK for Firebase project project-d4698. Please make sure the project exists and your account has permission to access it. {"name":"FirebaseError","children":[],"exit":2,"message":"Failed to get Admin SDK for Firebase project project-d4698. Please make sure the project exists and your account has permission to access it.","original":{"name":"FirebaseError","children":[],"exit":1,"message":"Failed to make request to https://firebase.googleapis.com/v1beta1/projects/project-d4698/adminSdkConfig","original":{"message":"request to https://firebase.googleapis.com/v1beta1/projects/project-d4698/adminSdkConfig failed, reason: socket hang up","type":"system","errno":"ECONNRESET","code":"ECONNRESET"},"status":500},"status":500}
[debug] [2022-09-13T15:22:48.194Z] >>> [apiv2][query] GET https://firebasehosting.googleapis.com/v1beta1/projects/project-d4698/sites 
[debug] [2022-09-13T15:22:49.608Z] <<< [apiv2][status] GET https://firebasehosting.googleapis.com/v1beta1/projects/project-d4698/sites 200
[debug] [2022-09-13T15:22:49.608Z] <<< [apiv2][body] GET https://firebasehosting.googleapis.com/v1beta1/projects/project-d4698/sites {"sites":[{"name":"projects/project-d4698/sites/project-d4698","defaultUrl":"https://project-d4698.web.app","appId":"1:229882964691:web:82c46da9396fb258660226","type":"DEFAULT_SITE"}]}
[debug] [2022-09-13T15:22:49.608Z] >>> [apiv2][query] GET https://firebase.googleapis.com/v1beta1/projects/project-d4698/webApps/1:229882964691:web:82c46da9396fb258660226/config [none]
[debug] [2022-09-13T15:23:13.171Z] fetchWebSetup error: FirebaseError: Failed to make request to https://firebase.googleapis.com/v1beta1/projects/project-d4698/webApps/1:229882964691:web:82c46da9396fb258660226/config
[warn] !  hosting: Using web app configuration from cache. 
[info] i  hosting: Serving hosting files from: build {"metadata":{"emulator":{"name":"hosting"},"message":"Serving hosting files from: \u001b[1mbuild\u001b[22m"}}
[info] +  hosting: Local server: http://localhost:5000 {"metadata":{"emulator":{"name":"hosting"},"message":"Local server: \u001b[4m\u001b[1mhttp://localhost:5000\u001b[22m\u001b[24m"}}
[debug] [2022-09-13T15:23:13.207Z] Ignoring unsupported arg: auto_download {"metadata":{"emulator":{"name":"ui"},"message":"Ignoring unsupported arg: auto_download"}}
[debug] [2022-09-13T15:23:13.208Z] Ignoring unsupported arg: port {"metadata":{"emulator":{"name":"ui"},"message":"Ignoring unsupported arg: port"}}
[debug] [2022-09-13T15:23:13.208Z] Starting Emulator UI with command {"binary":"node","args":["C:\\Users\\PRIYANKA CHOWDARY\\.cache\\firebase\\emulators\\ui-v1.9.0\\server\\server.js"],"optionalArgs":[],"joinArgs":false} {"metadata":{"emulator":{"name":"ui"},"message":"Starting Emulator UI with command {\"binary\":\"node\",\"args\":[\"C:\\\\Users\\\\PRIYANKA CHOWDARY\\\\.cache\\\\firebase\\\\emulators\\\\ui-v1.9.0\\\\server\\\\server.js\"],\"optionalArgs\":[],\"joinArgs\":false}"}}
[info] i  ui: Emulator UI logging to ui-debug.log {"metadata":{"emulator":{"name":"ui"},"message":"Emulator UI logging to \u001b[1mui-debug.log\u001b[22m"}}
[debug] [2022-09-13T15:23:13.348Z] Web / API server started at localhost:4000
 {"metadata":{"emulator":{"name":"ui"},"message":"Web / API server started at localhost:4000\n"}}
[info] i  functions: Watching "C:\Users\PRIYANKA CHOWDARY\Desktop\amazon\amazon-clone\functions" for Cloud Functions... {"metadata":{"emulator":{"name":"functions"},"message":"Watching \"C:\\Users\\PRIYANKA CHOWDARY\\Desktop\\amazon\\amazon-clone\\functions\" for Cloud Functions..."}}
[debug] [2022-09-13T15:23:13.493Z] Validating nodejs source
[debug] [2022-09-13T15:23:44.535Z] > [functions] package.json contents: {
  "name": "functions",
  "description": "Cloud Functions for Firebase",
  "scripts": {
    "lint": "eslint .",
    "serve": "firebase emulators:start --only functions",
    "shell": "firebase functions:shell",
    "start": "npm run shell",
    "deploy": "firebase deploy --only functions",
    "logs": "firebase functions:log"
  },
  "engines": {
    "node": "16"
  },
  "main": "index.js",
  "dependencies": {
    "cors": "^2.8.5",
    "express": "^4.18.1",
    "firebase-admin": "^10.0.2",
    "firebase-functions": "^3.18.0",
    "stripe": "^10.8.0"
  },
  "devDependencies": {
    "eslint": "^8.9.0",
    "eslint-config-google": "^0.14.0",
    "firebase-functions-test": "^0.2.0"
  },
  "private": true
}
[debug] [2022-09-13T15:23:44.535Z] Building nodejs source
[debug] [2022-09-13T15:23:44.535Z] Analyzing nodejs backend spec
[debug] [2022-09-13T15:23:44.538Z] Could not find functions.yaml. Must use http discovery
[debug] [2022-09-13T15:23:44.877Z] Serving at port 9005

[debug] [2022-09-13T15:23:44.889Z] Got response from /__/functions.yaml Failed to generate manifest from function source: SyntaxError: Identifier 'cors' has already been declared
[debug] [2022-09-13T15:23:44.892Z] Failed to parse functions.yamlincomplete explicit mapping pair; a key node is missed; or followed by a non-tabulated empty line at line 1, column 62:
     ... rom function source: SyntaxError: Identifier 'cors' has already  ... 
                                         ^ {"name":"YAMLException","reason":"incomplete explicit mapping pair; a key node is missed; or followed by a non-tabulated empty line","mark":{"name":null,"buffer":"Failed to generate manifest from function source: SyntaxError: Identifier 'cors' has already been declared\n\u0000","position":61,"line":0,"column":61},"message":"incomplete explicit mapping pair; a key node is missed; or followed by a non-tabulated empty line at line 1, column 62:\n     ... rom function source: SyntaxError: Identifier 'cors' has already  ... \n                                         ^"}
[debug] [2022-09-13T15:23:44.894Z] shutdown requested via /__/quitquitquit

[error] !!  functions: Failed to load function definition from source: FirebaseError: Failed to load function definition from source: Failed to generate manifest from function source: SyntaxError: Identifier 'cors' has already been declared {"metadata":{"emulator":{"name":"functions"},"message":"Failed to load function definition from source: FirebaseError: Failed to load function definition from source: Failed to generate manifest from function source: SyntaxError: Identifier 'cors' has already been declared"}}
[info] 
┌─────────────────────────────────────────────────────────────┐
│ ✔  All emulators ready! It is now safe to connect your app. │
│ i  View Emulator UI at http://localhost:4000                │
└─────────────────────────────────────────────────────────────┘

┌───────────┬────────────────┬─────────────────────────────────┐
│ Emulator  │ Host:Port      │ View in Emulator UI             │
├───────────┼────────────────┼─────────────────────────────────┤
│ Functions │ localhost:5001 │ http://localhost:4000/functions │
├───────────┼────────────────┼─────────────────────────────────┤
│ Hosting   │ localhost:5000 │ n/a                             │
└───────────┴────────────────┴─────────────────────────────────┘
  Emulator Hub running at localhost:4400
  Other reserved ports: 4500

Issues? Report them at https://github.com/firebase/firebase-tools/issues and attach the *-debug.log files.
 
